2026-03-22 21:09:19,031 INFO o.a.j.u.JMeterUtils: Setting Locale to en_EN
2026-03-22 21:09:19,098 INFO o.a.j.JMeter: Loading user properties from: user.properties
2026-03-22 21:09:19,101 INFO o.a.j.JMeter: Loading system properties from: system.properties
2026-03-22 21:09:19,120 INFO o.a.j.JMeter: Copyright (c) 1998-2024 The Apache Software Foundation
2026-03-22 21:09:19,120 INFO o.a.j.JMeter: Version 5.6.3
2026-03-22 21:09:19,120 INFO o.a.j.JMeter: java.version=25.0.2
2026-03-22 21:09:19,120 INFO o.a.j.JMeter: java.vm.name=Java HotSpot(TM) 64-Bit Server VM
2026-03-22 21:09:19,120 INFO o.a.j.JMeter: os.name=Windows 11
2026-03-22 21:09:19,120 INFO o.a.j.JMeter: os.arch=amd64
2026-03-22 21:09:19,120 INFO o.a.j.JMeter: os.version=10.0
2026-03-22 21:09:19,120 INFO o.a.j.JMeter: file.encoding=UTF-8
2026-03-22 21:09:19,121 INFO o.a.j.JMeter: java.awt.headless=null
2026-03-22 21:09:19,121 INFO o.a.j.JMeter: Max memory     =1073741824
2026-03-22 21:09:19,121 INFO o.a.j.JMeter: Available Processors =8
2026-03-22 21:09:19,155 INFO o.a.j.JMeter: Default Locale=English (EN)
2026-03-22 21:09:19,156 INFO o.a.j.JMeter: JMeter  Locale=English (EN)
2026-03-22 21:09:19,157 INFO o.a.j.JMeter: JMeterHome=C:\Users\fadum\Downloads\apache-jmeter-5.6.3\apache-jmeter-5.6.3
2026-03-22 21:09:19,157 INFO o.a.j.JMeter: user.dir  =C:\Users\fadum\Downloads\apache-jmeter-5.6.3\apache-jmeter-5.6.3\bin
2026-03-22 21:09:19,158 INFO o.a.j.JMeter: PWD       =C:\Users\fadum\Downloads\apache-jmeter-5.6.3\apache-jmeter-5.6.3\bin
2026-03-22 21:09:19,183 INFO o.a.j.JMeter: IP: 192.168.0.32 Name: LAPTOP-IR8UC82G FullName: 192.168.0.32
2026-03-22 21:09:19,207 INFO o.a.j.JMeter: Loaded icon properties from org/apache/jmeter/images/icon.properties
2026-03-22 21:09:19,709 INFO o.a.j.JMeterGuiLauncher: Setting LAF to: com.github.weisj.darklaf.DarkLaf:com.github.weisj.darklaf.theme.DarculaTheme
2026-03-22 21:09:38,812 INFO o.a.j.s.FileServer: Default base='C:\Users\fadum\Downloads\apache-jmeter-5.6.3\apache-jmeter-5.6.3\bin'
2026-03-22 21:09:38,817 INFO o.a.j.g.a.Load: Loading file: C:\Users\fadum\Downloads\apache-jmeter-5.6.3\apache-jmeter-5.6.3\bin\task 6 skalbara.jmx
2026-03-22 21:09:38,818 INFO o.a.j.s.FileServer: Set new base='C:\Users\fadum\Downloads\apache-jmeter-5.6.3\apache-jmeter-5.6.3\bin'
2026-03-22 21:09:39,390 INFO o.a.j.s.SaveService: Testplan (JMX) version: 2.2. Testlog (JTL) version: 2.2
2026-03-22 21:09:39,432 INFO o.a.j.s.SaveService: Using SaveService properties version 5.0
2026-03-22 21:09:39,435 INFO o.a.j.s.SaveService: Using SaveService properties file encoding UTF-8
2026-03-22 21:09:39,438 INFO o.a.j.s.SaveService: Loading file: C:\Users\fadum\Downloads\apache-jmeter-5.6.3\apache-jmeter-5.6.3\bin\task 6 skalbara.jmx
2026-03-22 21:09:39,490 INFO o.a.j.p.h.s.HTTPSamplerBase: Parser for text/html is org.apache.jmeter.protocol.http.parser.LagartoBasedHtmlParser
2026-03-22 21:09:39,490 INFO o.a.j.p.h.s.HTTPSamplerBase: Parser for application/xhtml+xml is org.apache.jmeter.protocol.http.parser.LagartoBasedHtmlParser
2026-03-22 21:09:39,490 INFO o.a.j.p.h.s.HTTPSamplerBase: Parser for application/xml is org.apache.jmeter.protocol.http.parser.LagartoBasedHtmlParser
2026-03-22 21:09:39,490 INFO o.a.j.p.h.s.HTTPSamplerBase: Parser for text/xml is org.apache.jmeter.protocol.http.parser.LagartoBasedHtmlParser
2026-03-22 21:09:39,490 INFO o.a.j.p.h.s.HTTPSamplerBase: Parser for text/vnd.wap.wml is org.apache.jmeter.protocol.http.parser.RegexpHTMLParser
2026-03-22 21:09:39,490 INFO o.a.j.p.h.s.HTTPSamplerBase: Parser for text/css is org.apache.jmeter.protocol.http.parser.CssParser
2026-03-22 21:09:39,882 INFO o.a.j.s.FileServer: Set new base='C:\Users\fadum\Downloads\apache-jmeter-5.6.3\apache-jmeter-5.6.3\bin'
2026-03-22 23:04:40,988 ERROR o.a.j.g.a.AbstractAction: Could not delete existing file C:\Users\fadum\Downloads\apache-jmeter-5.6.3\apache-jmeter-5.6.3\bin
2026-03-22 23:04:52,812 ERROR o.a.j.g.a.AbstractAction: Could not delete existing file C:\Users\fadum\Downloads\apache-jmeter-5.6.3\apache-jmeter-5.6.3\bin
2026-03-22 23:05:01,287 INFO o.a.j.e.StandardJMeterEngine: Running the test!
2026-03-22 23:05:01,304 INFO o.a.j.s.SampleEvent: List of sample_variables: []
2026-03-22 23:05:01,304 INFO o.a.j.s.SampleEvent: List of sample_variables: []
2026-03-22 23:05:01,314 INFO o.a.j.e.u.CompoundVariable: Note: Function class names must contain the string: '.functions.'
2026-03-22 23:05:01,315 INFO o.a.j.e.u.CompoundVariable: Note: Function class names must not contain the string: '.gui.'
2026-03-22 23:05:01,652 INFO o.a.j.g.u.JMeterMenuBar: setRunning(true, *local*)
2026-03-22 23:05:01,872 INFO o.a.j.e.StandardJMeterEngine: Starting ThreadGroup: 1 : Thread Group
2026-03-22 23:05:01,873 INFO o.a.j.e.StandardJMeterEngine: Starting 5 threads for group Thread Group.
2026-03-22 23:05:01,873 INFO o.a.j.e.StandardJMeterEngine: Thread will continue on error
2026-03-22 23:05:01,874 INFO o.a.j.t.ThreadGroup: Starting thread group... number=1 threads=5 ramp-up=10 delayedStart=false
2026-03-22 23:05:01,887 INFO o.a.j.t.JMeterThread: Thread started: Thread Group 1-1
2026-03-22 23:05:01,888 INFO o.a.j.t.ThreadGroup: Started thread group number 1
2026-03-22 23:05:01,889 INFO o.a.j.e.StandardJMeterEngine: All thread groups have been started
2026-03-22 23:05:01,946 INFO o.a.j.p.h.s.HTTPHCAbstractImpl: Local host = LAPTOP-IR8UC82G
2026-03-22 23:05:01,966 INFO o.a.j.p.h.s.HTTPHC4Impl: HTTP request retry count = 0
2026-03-22 23:05:01,970 INFO o.a.j.s.SampleResult: Note: Sample TimeStamps are START times
2026-03-22 23:05:01,970 INFO o.a.j.s.SampleResult: sampleresult.default.encoding is set to UTF-8
2026-03-22 23:05:01,970 INFO o.a.j.s.SampleResult: sampleresult.useNanoTime=true
2026-03-22 23:05:01,970 INFO o.a.j.s.SampleResult: sampleresult.nanoThreadSleep=5000
2026-03-22 23:05:02,881 INFO o.a.j.t.JMeterThread: Thread is done: Thread Group 1-1
2026-03-22 23:05:02,882 INFO o.a.j.t.JMeterThread: Thread finished: Thread Group 1-1
2026-03-22 23:05:03,879 INFO o.a.j.t.JMeterThread: Thread started: Thread Group 1-2
2026-03-22 23:05:04,364 INFO o.a.j.t.JMeterThread: Thread is done: Thread Group 1-2
2026-03-22 23:05:04,364 INFO o.a.j.t.JMeterThread: Thread finished: Thread Group 1-2
2026-03-22 23:05:05,881 INFO o.a.j.t.JMeterThread: Thread started: Thread Group 1-3
2026-03-22 23:05:06,403 INFO o.a.j.t.JMeterThread: Thread is done: Thread Group 1-3
2026-03-22 23:05:06,403 INFO o.a.j.t.JMeterThread: Thread finished: Thread Group 1-3
2026-03-22 23:05:07,879 INFO o.a.j.t.JMeterThread: Thread started: Thread Group 1-4
2026-03-22 23:05:08,410 INFO o.a.j.t.JMeterThread: Thread is done: Thread Group 1-4
2026-03-22 23:05:08,410 INFO o.a.j.t.JMeterThread: Thread finished: Thread Group 1-4
2026-03-22 23:05:09,877 INFO o.a.j.t.JMeterThread: Thread started: Thread Group 1-5
2026-03-22 23:05:10,375 INFO o.a.j.t.JMeterThread: Thread is done: Thread Group 1-5
2026-03-22 23:05:10,376 INFO o.a.j.t.JMeterThread: Thread finished: Thread Group 1-5
2026-03-22 23:05:10,415 INFO o.a.j.e.StandardJMeterEngine: Notifying test listeners of end of test
2026-03-22 23:05:10,415 INFO o.a.j.g.u.JMeterMenuBar: setRunning(false, *local*)
2026-03-22 23:10:11,922 INFO o.a.j.e.StandardJMeterEngine: Running the test!
2026-03-22 23:10:11,923 INFO o.a.j.s.SampleEvent: List of sample_variables: []
2026-03-22 23:10:11,992 INFO o.a.j.g.u.JMeterMenuBar: setRunning(true, *local*)
2026-03-22 23:10:12,177 INFO o.a.j.e.StandardJMeterEngine: Starting ThreadGroup: 1 : Thread Group
2026-03-22 23:10:12,177 INFO o.a.j.e.StandardJMeterEngine: Starting 10 threads for group Thread Group.
2026-03-22 23:10:12,178 INFO o.a.j.e.StandardJMeterEngine: Thread will continue on error
2026-03-22 23:10:12,178 INFO o.a.j.t.ThreadGroup: Starting thread group... number=1 threads=10 ramp-up=10 delayedStart=false
2026-03-22 23:10:12,182 INFO o.a.j.t.JMeterThread: Thread started: Thread Group 1-1
2026-03-22 23:10:12,188 INFO o.a.j.t.ThreadGroup: Started thread group number 1
2026-03-22 23:10:12,189 INFO o.a.j.e.StandardJMeterEngine: All thread groups have been started
2026-03-22 23:10:12,684 INFO o.a.j.t.JMeterThread: Thread is done: Thread Group 1-1
2026-03-22 23:10:12,684 INFO o.a.j.t.JMeterThread: Thread finished: Thread Group 1-1
2026-03-22 23:10:13,182 INFO o.a.j.t.JMeterThread: Thread started: Thread Group 1-2
2026-03-22 23:10:13,691 INFO o.a.j.t.JMeterThread: Thread is done: Thread Group 1-2
2026-03-22 23:10:13,691 INFO o.a.j.t.JMeterThread: Thread finished: Thread Group 1-2
2026-03-22 23:10:14,182 INFO o.a.j.t.JMeterThread: Thread started: Thread Group 1-3
2026-03-22 23:10:14,705 INFO o.a.j.t.JMeterThread: Thread is done: Thread Group 1-3
2026-03-22 23:10:14,717 INFO o.a.j.t.JMeterThread: Thread finished: Thread Group 1-3
2026-03-22 23:10:15,181 INFO o.a.j.t.JMeterThread: Thread started: Thread Group 1-4
2026-03-22 23:10:15,692 INFO o.a.j.t.JMeterThread: Thread is done: Thread Group 1-4
2026-03-22 23:10:15,692 INFO o.a.j.t.JMeterThread: Thread finished: Thread Group 1-4
2026-03-22 23:10:16,180 INFO o.a.j.t.JMeterThread: Thread started: Thread Group 1-5
2026-03-22 23:10:16,651 INFO o.a.j.t.JMeterThread: Thread is done: Thread Group 1-5
2026-03-22 23:10:16,651 INFO o.a.j.t.JMeterThread: Thread finished: Thread Group 1-5
2026-03-22 23:10:17,181 INFO o.a.j.t.JMeterThread: Thread started: Thread Group 1-6
2026-03-22 23:10:17,679 INFO o.a.j.t.JMeterThread: Thread is done: Thread Group 1-6
2026-03-22 23:10:17,679 INFO o.a.j.t.JMeterThread: Thread finished: Thread Group 1-6
2026-03-22 23:10:18,182 INFO o.a.j.t.JMeterThread: Thread started: Thread Group 1-7
2026-03-22 23:10:18,669 INFO o.a.j.t.JMeterThread: Thread is done: Thread Group 1-7
2026-03-22 23:10:18,671 INFO o.a.j.t.JMeterThread: Thread finished: Thread Group 1-7
2026-03-22 23:10:19,179 INFO o.a.j.t.JMeterThread: Thread started: Thread Group 1-8
2026-03-22 23:10:19,684 INFO o.a.j.t.JMeterThread: Thread is done: Thread Group 1-8
2026-03-22 23:10:19,684 INFO o.a.j.t.JMeterThread: Thread finished: Thread Group 1-8
2026-03-22 23:10:20,180 INFO o.a.j.t.JMeterThread: Thread started: Thread Group 1-9
2026-03-22 23:10:20,677 INFO o.a.j.t.JMeterThread: Thread is done: Thread Group 1-9
2026-03-22 23:10:20,677 INFO o.a.j.t.JMeterThread: Thread finished: Thread Group 1-9
2026-03-22 23:10:21,181 INFO o.a.j.t.JMeterThread: Thread started: Thread Group 1-10
2026-03-22 23:10:21,648 INFO o.a.j.t.JMeterThread: Thread is done: Thread Group 1-10
2026-03-22 23:10:21,649 INFO o.a.j.t.JMeterThread: Thread finished: Thread Group 1-10
2026-03-22 23:10:21,650 INFO o.a.j.e.StandardJMeterEngine: Notifying test listeners of end of test
2026-03-22 23:10:21,651 INFO o.a.j.g.u.JMeterMenuBar: setRunning(false, *local*)
2026-03-22 23:12:03,994 INFO o.a.j.e.StandardJMeterEngine: Running the test!
2026-03-22 23:12:03,995 INFO o.a.j.s.SampleEvent: List of sample_variables: []
2026-03-22 23:12:03,998 INFO o.a.j.g.u.JMeterMenuBar: setRunning(true, *local*)
2026-03-22 23:12:04,072 INFO o.a.j.e.StandardJMeterEngine: Starting ThreadGroup: 1 : Thread Group
2026-03-22 23:12:04,072 INFO o.a.j.e.StandardJMeterEngine: Starting 20 threads for group Thread Group.
2026-03-22 23:12:04,073 INFO o.a.j.e.StandardJMeterEngine: Thread will continue on error
2026-03-22 23:12:04,073 INFO o.a.j.t.ThreadGroup: Starting thread group... number=1 threads=20 ramp-up=10 delayedStart=false
2026-03-22 23:12:04,075 INFO o.a.j.t.JMeterThread: Thread started: Thread Group 1-1
2026-03-22 23:12:04,086 INFO o.a.j.t.ThreadGroup: Started thread group number 1
2026-03-22 23:12:04,086 INFO o.a.j.e.StandardJMeterEngine: All thread groups have been started
2026-03-22 23:12:04,573 INFO o.a.j.t.JMeterThread: Thread is done: Thread Group 1-1
2026-03-22 23:12:04,573 INFO o.a.j.t.JMeterThread: Thread finished: Thread Group 1-1
2026-03-22 23:12:04,576 INFO o.a.j.t.JMeterThread: Thread started: Thread Group 1-2
2026-03-22 23:12:05,095 INFO o.a.j.t.JMeterThread: Thread is done: Thread Group 1-2
2026-03-22 23:12:05,095 INFO o.a.j.t.JMeterThread: Thread started: Thread Group 1-3
2026-03-22 23:12:05,095 INFO o.a.j.t.JMeterThread: Thread finished: Thread Group 1-2
2026-03-22 23:12:05,575 INFO o.a.j.t.JMeterThread: Thread started: Thread Group 1-4
2026-03-22 23:12:05,595 INFO o.a.j.t.JMeterThread: Thread is done: Thread Group 1-3
2026-03-22 23:12:05,596 INFO o.a.j.t.JMeterThread: Thread finished: Thread Group 1-3
2026-03-22 23:12:06,076 INFO o.a.j.t.JMeterThread: Thread started: Thread Group 1-5
2026-03-22 23:12:06,096 INFO o.a.j.t.JMeterThread: Thread is done: Thread Group 1-4
2026-03-22 23:12:06,096 INFO o.a.j.t.JMeterThread: Thread finished: Thread Group 1-4
2026-03-22 23:12:06,551 INFO o.a.j.t.JMeterThread: Thread is done: Thread Group 1-5
2026-03-22 23:12:06,551 INFO o.a.j.t.JMeterThread: Thread finished: Thread Group 1-5
2026-03-22 23:12:06,580 INFO o.a.j.t.JMeterThread: Thread started: Thread Group 1-6
2026-03-22 23:12:07,046 INFO o.a.j.t.JMeterThread: Thread is done: Thread Group 1-6
2026-03-22 23:12:07,077 INFO o.a.j.t.JMeterThread: Thread started: Thread Group 1-7
2026-03-22 23:12:07,085 INFO o.a.j.t.JMeterThread: Thread finished: Thread Group 1-6
2026-03-22 23:12:07,564 INFO o.a.j.t.JMeterThread: Thread is done: Thread Group 1-7
2026-03-22 23:12:07,564 INFO o.a.j.t.JMeterThread: Thread finished: Thread Group 1-7
2026-03-22 23:12:07,579 INFO o.a.j.t.JMeterThread: Thread started: Thread Group 1-8
2026-03-22 23:12:08,069 INFO o.a.j.t.JMeterThread: Thread is done: Thread Group 1-8
2026-03-22 23:12:08,070 INFO o.a.j.t.JMeterThread: Thread finished: Thread Group 1-8
2026-03-22 23:12:08,081 INFO o.a.j.t.JMeterThread: Thread started: Thread Group 1-9
2026-03-22 23:12:08,546 INFO o.a.j.t.JMeterThread: Thread is done: Thread Group 1-9
2026-03-22 23:12:08,546 INFO o.a.j.t.JMeterThread: Thread finished: Thread Group 1-9
2026-03-22 23:12:08,580 INFO o.a.j.t.JMeterThread: Thread started: Thread Group 1-10
2026-03-22 23:12:09,061 INFO o.a.j.t.JMeterThread: Thread is done: Thread Group 1-10
2026-03-22 23:12:09,062 INFO o.a.j.t.JMeterThread: Thread finished: Thread Group 1-10
2026-03-22 23:12:09,080 INFO o.a.j.t.JMeterThread: Thread started: Thread Group 1-11
2026-03-22 23:12:09,554 INFO o.a.j.t.JMeterThread: Thread is done: Thread Group 1-11
2026-03-22 23:12:09,555 INFO o.a.j.t.JMeterThread: Thread finished: Thread Group 1-11
2026-03-22 23:12:09,580 INFO o.a.j.t.JMeterThread: Thread started: Thread Group 1-12
2026-03-22 23:12:10,078 INFO o.a.j.t.JMeterThread: Thread is done: Thread Group 1-12
2026-03-22 23:12:10,078 INFO o.a.j.t.JMeterThread: Thread finished: Thread Group 1-12
2026-03-22 23:12:10,079 INFO o.a.j.t.JMeterThread: Thread started: Thread Group 1-13
2026-03-22 23:12:10,535 INFO o.a.j.t.JMeterThread: Thread is done: Thread Group 1-13
2026-03-22 23:12:10,536 INFO o.a.j.t.JMeterThread: Thread finished: Thread Group 1-13
2026-03-22 23:12:10,578 INFO o.a.j.t.JMeterThread: Thread started: Thread Group 1-14
2026-03-22 23:12:11,062 INFO o.a.j.t.JMeterThread: Thread is done: Thread Group 1-14
2026-03-22 23:12:11,062 INFO o.a.j.t.JMeterThread: Thread finished: Thread Group 1-14
2026-03-22 23:12:11,080 INFO o.a.j.t.JMeterThread: Thread started: Thread Group 1-15
2026-03-22 23:12:11,538 INFO o.a.j.t.JMeterThread: Thread is done: Thread Group 1-15
2026-03-22 23:12:11,538 INFO o.a.j.t.JMeterThread: Thread finished: Thread Group 1-15
2026-03-22 23:12:11,580 INFO o.a.j.t.JMeterThread: Thread started: Thread Group 1-16
2026-03-22 23:12:12,030 INFO o.a.j.t.JMeterThread: Thread is done: Thread Group 1-16
2026-03-22 23:12:12,031 INFO o.a.j.t.JMeterThread: Thread finished: Thread Group 1-16
2026-03-22 23:12:12,081 INFO o.a.j.t.JMeterThread: Thread started: Thread Group 1-17
2026-03-22 23:12:12,550 INFO o.a.j.t.JMeterThread: Thread is done: Thread Group 1-17
2026-03-22 23:12:12,551 INFO o.a.j.t.JMeterThread: Thread finished: Thread Group 1-17
2026-03-22 23:12:12,578 INFO o.a.j.t.JMeterThread: Thread started: Thread Group 1-18
2026-03-22 23:12:13,050 INFO o.a.j.t.JMeterThread: Thread is done: Thread Group 1-18
2026-03-22 23:12:13,050 INFO o.a.j.t.JMeterThread: Thread finished: Thread Group 1-18
2026-03-22 23:12:13,080 INFO o.a.j.t.JMeterThread: Thread started: Thread Group 1-19
2026-03-22 23:12:13,534 INFO o.a.j.t.JMeterThread: Thread is done: Thread Group 1-19
2026-03-22 23:12:13,535 INFO o.a.j.t.JMeterThread: Thread finished: Thread Group 1-19
2026-03-22 23:12:13,581 INFO o.a.j.t.JMeterThread: Thread started: Thread Group 1-20
2026-03-22 23:12:14,057 INFO o.a.j.t.JMeterThread: Thread is done: Thread Group 1-20
2026-03-22 23:12:14,057 INFO o.a.j.t.JMeterThread: Thread finished: Thread Group 1-20
2026-03-22 23:12:14,058 INFO o.a.j.e.StandardJMeterEngine: Notifying test listeners of end of test
2026-03-22 23:12:14,058 INFO o.a.j.g.u.JMeterMenuBar: setRunning(false, *local*)
